<?xml version="1.0" encoding="UTF-8"?>
<!-- Generated by org.testng.reporters.JUnitReportReporter -->
<testsuite skipped="0" hostname="addramya" name="org.billpreview.auto.EligibilityAPI" tests="1" failures="0" timestamp="23 Feb 2019 09:13:53 GMT" time="32.095" errors="0">
  <testcase name="eligibility_API" time="32.095" classname="org.billpreview.auto.EligibilityAPI"/>
</testsuite> <!-- org.billpreview.auto.EligibilityAPI -->
