<?xml version="1.0" encoding="UTF-8"?>
<!-- Generated by org.testng.reporters.JUnitReportReporter -->
<testsuite skipped="0" hostname="addramya" name="Dynamic_launch_browser" tests="2" failures="0" timestamp="23 Nov 2017 12:34:13 GMT" time="15.788" errors="0">
  <testcase name="launch" time="5.565" classname="Dynamic_launch_browser"/>
  <testcase name="launch" time="10.223" classname="Dynamic_launch_browser"/>
</testsuite> <!-- Dynamic_launch_browser -->
